0 info it worked if it ends with ok
1 verbose cli [ '/usr/local/bin/node',
1 verbose cli   '/usr/local/bin/npm',
1 verbose cli   'install',
1 verbose cli   'gulp-string-replace',
1 verbose cli   '--save-dev' ]
2 info using npm@2.14.2
3 info using node@v4.0.0
4 verbose install initial load of /Users/mbajwa11/Projects/pixe/backend/letme/package.json
5 verbose stack Error: Failed to parse json
5 verbose stack Trailing comma in object at 20:3
5 verbose stack   }
5 verbose stack   ^
5 verbose stack     at parseError (/usr/local/lib/node_modules/npm/node_modules/read-package-json/read-json.js:379:11)
5 verbose stack     at parseJson (/usr/local/lib/node_modules/npm/node_modules/read-package-json/read-json.js:68:23)
5 verbose stack     at /usr/local/lib/node_modules/npm/node_modules/read-package-json/read-json.js:48:5
5 verbose stack     at FSReqWrap.readFileAfterClose [as oncomplete] (evalmachine.<anonymous>:380:3)
6 verbose cwd /Users/mbajwa11/Projects/pixe/backend/letme
7 error Darwin 15.6.0
8 error argv "/usr/local/bin/node" "/usr/local/bin/npm" "install" "gulp-string-replace" "--save-dev"
9 error node v4.0.0
10 error npm  v2.14.2
11 error file /Users/mbajwa11/Projects/pixe/backend/letme/package.json
12 error code EJSONPARSE
13 error Failed to parse json
13 error Trailing comma in object at 20:3
13 error   }
13 error   ^
14 error File: /Users/mbajwa11/Projects/pixe/backend/letme/package.json
15 error Failed to parse package.json data.
15 error package.json must be actual JSON, not just JavaScript.
15 error
15 error This is not a bug in npm.
15 error Tell the package author to fix their package.json file. JSON.parse
16 verbose exit [ 1, true ]
